<?xml version="1.0" encoding="UTF-8"?>
<testsuite name="moumie.BDExceptionTest" tests="1" skipped="0" failures="0" errors="0" timestamp="2020-11-23T05:50:15" hostname="MSI" time="0.027">
  <properties/>
  <testcase name="initiateTest()" classname="moumie.BDExceptionTest" time="0.027"/>
  <system-out><![CDATA[Ребенок не сумела обойти Отмель
]]></system-out>
  <system-err><![CDATA[]]></system-err>
</testsuite>
